[0.210s] DEBUG:colcon:Command line arguments: ['/home/modini/.local/bin/colcon', 'build', '--packages-select', 'ros2_publisher']
[0.210s] DEBUG:colcon:Parsed command line arguments: Namespace(log_base=None, log_level=None, verb_name='build', build_base='build', install_base='install', merge_install=False, symlink_install=False, test_result_base=None, continue_on_error=False, executor='parallel', parallel_workers=4, event_handlers=None, ignore_user_meta=False, metas=['./colcon.meta'], base_paths=['.'], packages_ignore=None, packages_ignore_regex=None, paths=None, packages_up_to=None, packages_up_to_regex=None, packages_above=None, packages_above_and_dependencies=None, packages_above_depth=None, packages_select_by_dep=None, packages_skip_by_dep=None, packages_skip_up_to=None, packages_select_build_failed=False, packages_skip_build_finished=False, packages_select_test_failures=False, packages_skip_test_passed=False, packages_select=['ros2_publisher'], packages_skip=None, packages_select_regex=None, packages_skip_regex=None, packages_start=None, packages_end=None, cmake_args=None, cmake_target=None, cmake_target_skip_unavailable=False, cmake_clean_cache=False, cmake_clean_first=False, cmake_force_configure=False, ament_cmake_args=None, catkin_cmake_args=None, catkin_skip_building_tests=False, verb_parser=<colcon_defaults.argument_parser.defaults.DefaultArgumentsDecorator object at 0x7b49eab27c70>, verb_extension=<colcon_core.verb.build.BuildVerb object at 0x7b49eab26e30>, main=<bound method BuildVerb.main of <colcon_core.verb.build.BuildVerb object at 0x7b49eab26e30>>)
[0.474s] Level 1:colcon.colcon_core.package_discovery:discover_packages(colcon_meta) check parameters
[0.475s] Level 1:colcon.colcon_core.package_discovery:discover_packages(recursive) check parameters
[0.477s] Level 1:colcon.colcon_core.package_discovery:discover_packages(ignore) check parameters
[0.479s] Level 1:colcon.colcon_core.package_discovery:discover_packages(path) check parameters
[0.479s] Level 1:colcon.colcon_core.package_discovery:discover_packages(colcon_meta) discover
[0.479s] Level 1:colcon.colcon_core.package_discovery:discover_packages(recursive) discover
[0.479s] INFO:colcon.colcon_core.package_discovery:Crawling recursively for packages in '/home/modini/ros2_ws'
[0.480s] Level 1:colcon.colcon_core.package_identification:_identify(.) by extensions ['ignore', 'ignore_ament_install']
[0.481s] Level 1:colcon.colcon_core.package_identification:_identify(.) by extension 'ignore'
[0.482s] Level 1:colcon.colcon_core.package_identification:_identify(.) by extension 'ignore_ament_install'
[0.482s] Level 1:colcon.colcon_core.package_identification:_identify(.) by extensions ['colcon_pkg']
[0.482s] Level 1:colcon.colcon_core.package_identification:_identify(.) by extension 'colcon_pkg'
[0.482s] Level 1:colcon.colcon_core.package_identification:_identify(.) by extensions ['colcon_meta']
[0.482s] Level 1:colcon.colcon_core.package_identification:_identify(.) by extension 'colcon_meta'
[0.482s] Level 1:colcon.colcon_core.package_identification:_identify(.) by extensions ['ros']
[0.482s] Level 1:colcon.colcon_core.package_identification:_identify(.) by extension 'ros'
[0.515s] Level 1:colcon.colcon_core.package_identification:_identify(.) by extensions ['cmake', 'python']
[0.516s] Level 1:colcon.colcon_core.package_identification:_identify(.) by extension 'cmake'
[0.516s] Level 1:colcon.colcon_core.package_identification:_identify(.) by extension 'python'
[0.516s] Level 1:colcon.colcon_core.package_identification:_identify(.) by extensions ['python_setup_py']
[0.516s] Level 1:colcon.colcon_core.package_identification:_identify(.) by extension 'python_setup_py'
[0.516s] Level 1:colcon.colcon_core.package_identification:_identify(build) by extensions ['ignore', 'ignore_ament_install']
[0.517s] Level 1:colcon.colcon_core.package_identification:_identify(build) by extension 'ignore'
[0.517s] Level 1:colcon.colcon_core.package_identification:_identify(build) ignored
[0.517s] Level 1:colcon.colcon_core.package_identification:_identify(install) by extensions ['ignore', 'ignore_ament_install']
[0.517s] Level 1:colcon.colcon_core.package_identification:_identify(install) by extension 'ignore'
[0.518s] Level 1:colcon.colcon_core.package_identification:_identify(install) ignored
[0.518s] Level 1:colcon.colcon_core.package_identification:_identify(log) by extensions ['ignore', 'ignore_ament_install']
[0.518s] Level 1:colcon.colcon_core.package_identification:_identify(log) by extension 'ignore'
[0.518s] Level 1:colcon.colcon_core.package_identification:_identify(log) ignored
[0.519s] Level 1:colcon.colcon_core.package_identification:_identify(src) by extensions ['ignore', 'ignore_ament_install']
[0.519s] Level 1:colcon.colcon_core.package_identification:_identify(src) by extension 'ignore'
[0.519s] Level 1:colcon.colcon_core.package_identification:_identify(src) by extension 'ignore_ament_install'
[0.519s] Level 1:colcon.colcon_core.package_identification:_identify(src) by extensions ['colcon_pkg']
[0.519s] Level 1:colcon.colcon_core.package_identification:_identify(src) by extension 'colcon_pkg'
[0.519s] Level 1:colcon.colcon_core.package_identification:_identify(src) by extensions ['colcon_meta']
[0.519s] Level 1:colcon.colcon_core.package_identification:_identify(src) by extension 'colcon_meta'
[0.519s] Level 1:colcon.colcon_core.package_identification:_identify(src) by extensions ['ros']
[0.519s] Level 1:colcon.colcon_core.package_identification:_identify(src) by extension 'ros'
[0.520s] Level 1:colcon.colcon_core.package_identification:_identify(src) by extensions ['cmake', 'python']
[0.520s] Level 1:colcon.colcon_core.package_identification:_identify(src) by extension 'cmake'
[0.520s] Level 1:colcon.colcon_core.package_identification:_identify(src) by extension 'python'
[0.520s] Level 1:colcon.colcon_core.package_identification:_identify(src) by extensions ['python_setup_py']
[0.521s] Level 1:colcon.colcon_core.package_identification:_identify(src) by extension 'python_setup_py'
[0.522s] Level 1:colcon.colcon_core.package_identification:_identify(src/ros2_publisher) by extensions ['ignore', 'ignore_ament_install']
[0.522s] Level 1:colcon.colcon_core.package_identification:_identify(src/ros2_publisher) by extension 'ignore'
[0.522s] Level 1:colcon.colcon_core.package_identification:_identify(src/ros2_publisher) by extension 'ignore_ament_install'
[0.522s] Level 1:colcon.colcon_core.package_identification:_identify(src/ros2_publisher) by extensions ['colcon_pkg']
[0.522s] Level 1:colcon.colcon_core.package_identification:_identify(src/ros2_publisher) by extension 'colcon_pkg'
[0.522s] Level 1:colcon.colcon_core.package_identification:_identify(src/ros2_publisher) by extensions ['colcon_meta']
[0.522s] Level 1:colcon.colcon_core.package_identification:_identify(src/ros2_publisher) by extension 'colcon_meta'
[0.523s] Level 1:colcon.colcon_core.package_identification:_identify(src/ros2_publisher) by extensions ['ros']
[0.523s] Level 1:colcon.colcon_core.package_identification:_identify(src/ros2_publisher) by extension 'ros'
[0.531s] DEBUG:colcon.colcon_core.package_identification:Package 'src/ros2_publisher' with type 'ros.ament_cmake' and name 'ros2_publisher'
[0.531s] Level 1:colcon.colcon_core.package_discovery:discover_packages(recursive) using defaults
[0.531s] Level 1:colcon.colcon_core.package_discovery:discover_packages(ignore) discover
[0.532s] Level 1:colcon.colcon_core.package_discovery:discover_packages(ignore) using defaults
[0.532s] Level 1:colcon.colcon_core.package_discovery:discover_packages(path) discover
[0.532s] Level 1:colcon.colcon_core.package_discovery:discover_packages(path) using defaults
[0.570s] Level 5:colcon.colcon_core.verb:set package 'ros2_publisher' build argument 'cmake_args' from command line to 'None'
[0.570s] Level 5:colcon.colcon_core.verb:set package 'ros2_publisher' build argument 'cmake_target' from command line to 'None'
[0.570s] Level 5:colcon.colcon_core.verb:set package 'ros2_publisher' build argument 'cmake_target_skip_unavailable' from command line to 'False'
[0.571s] Level 5:colcon.colcon_core.verb:set package 'ros2_publisher' build argument 'cmake_clean_cache' from command line to 'False'
[0.571s] Level 5:colcon.colcon_core.verb:set package 'ros2_publisher' build argument 'cmake_clean_first' from command line to 'False'
[0.571s] Level 5:colcon.colcon_core.verb:set package 'ros2_publisher' build argument 'cmake_force_configure' from command line to 'False'
[0.571s] Level 5:colcon.colcon_core.verb:set package 'ros2_publisher' build argument 'ament_cmake_args' from command line to 'None'
[0.571s] Level 5:colcon.colcon_core.verb:set package 'ros2_publisher' build argument 'catkin_cmake_args' from command line to 'None'
[0.571s] Level 5:colcon.colcon_core.verb:set package 'ros2_publisher' build argument 'catkin_skip_building_tests' from command line to 'False'
[0.572s] DEBUG:colcon.colcon_core.verb:Building package 'ros2_publisher' with the following arguments: {'ament_cmake_args': None, 'build_base': '/home/modini/ros2_ws/build/ros2_publisher', 'catkin_cmake_args': None, 'catkin_skip_building_tests': False, 'cmake_args': None, 'cmake_clean_cache': False, 'cmake_clean_first': False, 'cmake_force_configure': False, 'cmake_target': None, 'cmake_target_skip_unavailable': False, 'install_base': '/home/modini/ros2_ws/install/ros2_publisher', 'merge_install': False, 'path': '/home/modini/ros2_ws/src/ros2_publisher', 'symlink_install': False, 'test_result_base': None}
[0.572s] INFO:colcon.colcon_core.executor:Executing jobs using 'parallel' executor
[0.575s] DEBUG:colcon.colcon_parallel_executor.executor.parallel:run_until_complete
[0.575s] INFO:colcon.colcon_ros.task.ament_cmake.build:Building ROS package in '/home/modini/ros2_ws/src/ros2_publisher' with build type 'ament_cmake'
[0.575s] INFO:colcon.colcon_cmake.task.cmake.build:Building CMake package in '/home/modini/ros2_ws/src/ros2_publisher'
[0.583s] INFO:colcon.colcon_core.plugin_system:Skipping extension 'colcon_core.shell.bat': Not used on non-Windows systems
[0.583s] INFO:colcon.colcon_core.shell:Skip shell extension 'powershell' for command environment: Not usable outside of PowerShell
[0.583s] DEBUG:colcon.colcon_core.shell:Skip shell extension 'dsv' for command environment
[0.635s] DEBUG:colcon.colcon_core.event_handler.log_command:Invoking command in '/home/modini/ros2_ws/build/ros2_publisher': CMAKE_PREFIX_PATH=/home/modini/bumper_ws/install/bumper_bot:/opt/ros/humble /usr/bin/cmake /home/modini/ros2_ws/src/ros2_publisher -DCMAKE_INSTALL_PREFIX=/home/modini/ros2_ws/install/ros2_publisher
[1.778s] DEBUG:colcon.colcon_core.event_handler.log_command:Invoked command in '/home/modini/ros2_ws/build/ros2_publisher' returned '0': CMAKE_PREFIX_PATH=/home/modini/bumper_ws/install/bumper_bot:/opt/ros/humble /usr/bin/cmake /home/modini/ros2_ws/src/ros2_publisher -DCMAKE_INSTALL_PREFIX=/home/modini/ros2_ws/install/ros2_publisher
[1.780s] DEBUG:colcon.colcon_core.event_handler.log_command:Invoking command in '/home/modini/ros2_ws/build/ros2_publisher': CMAKE_PREFIX_PATH=/home/modini/bumper_ws/install/bumper_bot:/opt/ros/humble /usr/bin/cmake --build /home/modini/ros2_ws/build/ros2_publisher -- -j4 -l4
[14.525s] DEBUG:colcon.colcon_core.event_handler.log_command:Invoked command in '/home/modini/ros2_ws/build/ros2_publisher' returned '0': CMAKE_PREFIX_PATH=/home/modini/bumper_ws/install/bumper_bot:/opt/ros/humble /usr/bin/cmake --build /home/modini/ros2_ws/build/ros2_publisher -- -j4 -l4
[14.564s] DEBUG:colcon.colcon_core.event_handler.log_command:Invoking command in '/home/modini/ros2_ws/build/ros2_publisher': CMAKE_PREFIX_PATH=/home/modini/bumper_ws/install/bumper_bot:/opt/ros/humble /usr/bin/cmake --install /home/modini/ros2_ws/build/ros2_publisher
[14.607s] Level 1:colcon.colcon_core.environment:create_environment_scripts_only(ros2_publisher)
[14.608s] DEBUG:colcon.colcon_core.event_handler.log_command:Invoked command in '/home/modini/ros2_ws/build/ros2_publisher' returned '0': CMAKE_PREFIX_PATH=/home/modini/bumper_ws/install/bumper_bot:/opt/ros/humble /usr/bin/cmake --install /home/modini/ros2_ws/build/ros2_publisher
[14.613s] Level 1:colcon.colcon_core.environment:checking '/home/modini/ros2_ws/install/ros2_publisher' for CMake module files
[14.614s] Level 1:colcon.colcon_core.environment:checking '/home/modini/ros2_ws/install/ros2_publisher' for CMake config files
[14.615s] Level 1:colcon.colcon_core.shell:create_environment_hook('ros2_publisher', 'cmake_prefix_path')
[14.616s] INFO:colcon.colcon_core.shell:Creating environment hook '/home/modini/ros2_ws/install/ros2_publisher/share/ros2_publisher/hook/cmake_prefix_path.ps1'
[14.631s] INFO:colcon.colcon_core.shell:Creating environment descriptor '/home/modini/ros2_ws/install/ros2_publisher/share/ros2_publisher/hook/cmake_prefix_path.dsv'
[14.635s] INFO:colcon.colcon_core.shell:Creating environment hook '/home/modini/ros2_ws/install/ros2_publisher/share/ros2_publisher/hook/cmake_prefix_path.sh'
[14.639s] Level 1:colcon.colcon_core.environment:checking '/home/modini/ros2_ws/install/ros2_publisher/lib'
[14.640s] Level 1:colcon.colcon_core.environment:checking '/home/modini/ros2_ws/install/ros2_publisher/bin'
[14.640s] Level 1:colcon.colcon_core.environment:checking '/home/modini/ros2_ws/install/ros2_publisher/lib/pkgconfig/ros2_publisher.pc'
[14.645s] Level 1:colcon.colcon_core.environment:checking '/home/modini/ros2_ws/install/ros2_publisher/lib/python3.10/site-packages'
[14.647s] Level 1:colcon.colcon_core.environment:checking '/home/modini/ros2_ws/install/ros2_publisher/bin'
[14.648s] INFO:colcon.colcon_core.shell:Creating package script '/home/modini/ros2_ws/install/ros2_publisher/share/ros2_publisher/package.ps1'
[14.649s] INFO:colcon.colcon_core.shell:Creating package descriptor '/home/modini/ros2_ws/install/ros2_publisher/share/ros2_publisher/package.dsv'
[14.651s] INFO:colcon.colcon_core.shell:Creating package script '/home/modini/ros2_ws/install/ros2_publisher/share/ros2_publisher/package.sh'
[14.656s] INFO:colcon.colcon_core.shell:Creating package script '/home/modini/ros2_ws/install/ros2_publisher/share/ros2_publisher/package.bash'
[14.661s] INFO:colcon.colcon_core.shell:Creating package script '/home/modini/ros2_ws/install/ros2_publisher/share/ros2_publisher/package.zsh'
[14.664s] Level 1:colcon.colcon_core.environment:create_file_with_runtime_dependencies(/home/modini/ros2_ws/install/ros2_publisher/share/colcon-core/packages/ros2_publisher)
[14.667s] Level 1:colcon.colcon_core.environment:create_environment_scripts_only(ros2_publisher)
[14.668s] Level 1:colcon.colcon_core.environment:checking '/home/modini/ros2_ws/install/ros2_publisher' for CMake module files
[14.669s] Level 1:colcon.colcon_core.environment:checking '/home/modini/ros2_ws/install/ros2_publisher' for CMake config files
[14.669s] Level 1:colcon.colcon_core.shell:create_environment_hook('ros2_publisher', 'cmake_prefix_path')
[14.670s] INFO:colcon.colcon_core.shell:Creating environment hook '/home/modini/ros2_ws/install/ros2_publisher/share/ros2_publisher/hook/cmake_prefix_path.ps1'
[14.673s] INFO:colcon.colcon_core.shell:Creating environment descriptor '/home/modini/ros2_ws/install/ros2_publisher/share/ros2_publisher/hook/cmake_prefix_path.dsv'
[14.674s] INFO:colcon.colcon_core.shell:Creating environment hook '/home/modini/ros2_ws/install/ros2_publisher/share/ros2_publisher/hook/cmake_prefix_path.sh'
[14.680s] Level 1:colcon.colcon_core.environment:checking '/home/modini/ros2_ws/install/ros2_publisher/lib'
[14.680s] Level 1:colcon.colcon_core.environment:checking '/home/modini/ros2_ws/install/ros2_publisher/bin'
[14.681s] Level 1:colcon.colcon_core.environment:checking '/home/modini/ros2_ws/install/ros2_publisher/lib/pkgconfig/ros2_publisher.pc'
[14.682s] Level 1:colcon.colcon_core.environment:checking '/home/modini/ros2_ws/install/ros2_publisher/lib/python3.10/site-packages'
[14.683s] Level 1:colcon.colcon_core.environment:checking '/home/modini/ros2_ws/install/ros2_publisher/bin'
[14.684s] INFO:colcon.colcon_core.shell:Creating package script '/home/modini/ros2_ws/install/ros2_publisher/share/ros2_publisher/package.ps1'
[14.686s] INFO:colcon.colcon_core.shell:Creating package descriptor '/home/modini/ros2_ws/install/ros2_publisher/share/ros2_publisher/package.dsv'
[14.689s] INFO:colcon.colcon_core.shell:Creating package script '/home/modini/ros2_ws/install/ros2_publisher/share/ros2_publisher/package.sh'
[14.690s] INFO:colcon.colcon_core.shell:Creating package script '/home/modini/ros2_ws/install/ros2_publisher/share/ros2_publisher/package.bash'
[14.692s] INFO:colcon.colcon_core.shell:Creating package script '/home/modini/ros2_ws/install/ros2_publisher/share/ros2_publisher/package.zsh'
[14.693s] Level 1:colcon.colcon_core.environment:create_file_with_runtime_dependencies(/home/modini/ros2_ws/install/ros2_publisher/share/colcon-core/packages/ros2_publisher)
[14.697s] DEBUG:colcon.colcon_parallel_executor.executor.parallel:closing loop
[14.698s] DEBUG:colcon.colcon_parallel_executor.executor.parallel:loop closed
[14.698s] DEBUG:colcon.colcon_parallel_executor.executor.parallel:run_until_complete finished with '0'
[14.699s] DEBUG:colcon.colcon_core.event_reactor:joining thread
[14.710s] INFO:colcon.colcon_core.plugin_system:Skipping extension 'colcon_notification.desktop_notification.terminal_notifier': Not used on non-Darwin systems
[14.710s] INFO:colcon.colcon_core.plugin_system:Skipping extension 'colcon_notification.desktop_notification.win32': Not used on non-Windows systems
[14.710s] INFO:colcon.colcon_notification.desktop_notification:Sending desktop notification using 'notify2'
[14.783s] DEBUG:colcon.colcon_core.event_reactor:joined thread
[14.784s] INFO:colcon.colcon_core.shell:Creating prefix script '/home/modini/ros2_ws/install/local_setup.ps1'
[14.787s] INFO:colcon.colcon_core.shell:Creating prefix util module '/home/modini/ros2_ws/install/_local_setup_util_ps1.py'
[14.791s] INFO:colcon.colcon_core.shell:Creating prefix chain script '/home/modini/ros2_ws/install/setup.ps1'
[14.795s] INFO:colcon.colcon_core.shell:Creating prefix script '/home/modini/ros2_ws/install/local_setup.sh'
[14.797s] INFO:colcon.colcon_core.shell:Creating prefix util module '/home/modini/ros2_ws/install/_local_setup_util_sh.py'
[14.799s] INFO:colcon.colcon_core.shell:Creating prefix chain script '/home/modini/ros2_ws/install/setup.sh'
[14.801s] INFO:colcon.colcon_core.shell:Creating prefix script '/home/modini/ros2_ws/install/local_setup.bash'
[14.803s] INFO:colcon.colcon_core.shell:Creating prefix chain script '/home/modini/ros2_ws/install/setup.bash'
[14.808s] INFO:colcon.colcon_core.shell:Creating prefix script '/home/modini/ros2_ws/install/local_setup.zsh'
[14.811s] INFO:colcon.colcon_core.shell:Creating prefix chain script '/home/modini/ros2_ws/install/setup.zsh'
