[0.087s] Invoking command in '/home/modini/ros2_ws/build/ros2_hello_world': CMAKE_PREFIX_PATH=/opt/ros/humble /usr/bin/cmake /home/modini/ros2_ws/src/simple-hello-world-node-ModiniVardhan-29 -DCMAKE_INSTALL_PREFIX=/home/modini/ros2_ws/install/ros2_hello_world
[0.233s] -- Found ament_cmake: 1.3.12 (/opt/ros/humble/share/ament_cmake/cmake)
[0.487s] -- Found Python3: /usr/bin/python3 (found version "3.10.12") found components: Interpreter 
[0.737s] -- Found rclcpp: 16.0.17 (/opt/ros/humble/share/rclcpp/cmake)
[0.856s] -- Found rosidl_generator_c: 3.1.8 (/opt/ros/humble/share/rosidl_generator_c/cmake)
[0.869s] -- Found rosidl_adapter: 3.1.8 (/opt/ros/humble/share/rosidl_adapter/cmake)
[0.904s] -- Found rosidl_generator_cpp: 3.1.8 (/opt/ros/humble/share/rosidl_generator_cpp/cmake)
[0.933s] -- Using all available rosidl_typesupport_c: rosidl_typesupport_fastrtps_c;rosidl_typesupport_introspection_c
[0.974s] -- Using all available rosidl_typesupport_cpp: rosidl_typesupport_fastrtps_cpp;rosidl_typesupport_introspection_cpp
[1.101s] -- Found rmw_implementation_cmake: 6.1.2 (/opt/ros/humble/share/rmw_implementation_cmake/cmake)
[1.111s] -- Found rmw_fastrtps_cpp: 6.2.9 (/opt/ros/humble/share/rmw_fastrtps_cpp/cmake)
[1.360s] -- Found OpenSSL: /usr/lib/x86_64-linux-gnu/libcrypto.so (found version "3.0.2")  
[1.403s] -- Found FastRTPS: /opt/ros/humble/include  
[1.458s] -- Using RMW implementation 'rmw_fastrtps_cpp' as default
[1.495s] -- Looking for pthread.h
[1.868s] -- Looking for pthread.h - found
[1.872s] -- Performing Test CMAKE_HAVE_LIBC_PTHREAD
[2.042s] -- Performing Test CMAKE_HAVE_LIBC_PTHREAD - Success
[2.042s] -- Found Threads: TRUE  
[2.308s] [31mCMake Error at /opt/ros/humble/share/ament_cmake_core/cmake/core/ament_package_xml.cmake:53 (message):
[2.309s]   ament_package_xml() package name 'ros2_hello_world' in '/package.xml' does
[2.309s]   not match current PROJECT_NAME 'hello_world'.  You must call project() with
[2.309s]   the same package name before.
[2.309s] Call Stack (most recent call first):
[2.309s]   /opt/ros/humble/share/ament_cmake_core/cmake/core/ament_package.cmake:63 (ament_package_xml)
[2.309s]   CMakeLists.txt:19 (ament_package)
[2.310s] 
[2.310s] [0m
[2.312s] -- Configuring incomplete, errors occurred!
[2.312s] See also "/home/modini/ros2_ws/build/ros2_hello_world/CMakeFiles/CMakeOutput.log".
[2.324s] Invoked command in '/home/modini/ros2_ws/build/ros2_hello_world' returned '1': CMAKE_PREFIX_PATH=/opt/ros/humble /usr/bin/cmake /home/modini/ros2_ws/src/simple-hello-world-node-ModiniVardhan-29 -DCMAKE_INSTALL_PREFIX=/home/modini/ros2_ws/install/ros2_hello_world
