[0.027s] Invoking command in '/home/modini/ros2_ws/build/ros2_hello_world': CMAKE_PREFIX_PATH=/opt/ros/humble /usr/bin/cmake /home/modini/ros2_ws/src/simple-hello-world-node-ModiniVardhan-29 -DCMAKE_INSTALL_PREFIX=/home/modini/ros2_ws/install/ros2_hello_world
[0.044s] -- Found ament_cmake: 1.3.12 (/opt/ros/humble/share/ament_cmake/cmake)
[0.230s] -- Found rclcpp: 16.0.17 (/opt/ros/humble/share/rclcpp/cmake)
[0.259s] -- Found rosidl_generator_c: 3.1.8 (/opt/ros/humble/share/rosidl_generator_c/cmake)
[0.312s] -- Found rosidl_adapter: 3.1.8 (/opt/ros/humble/share/rosidl_adapter/cmake)
[0.312s] -- Found rosidl_generator_cpp: 3.1.8 (/opt/ros/humble/share/rosidl_generator_cpp/cmake)
[0.312s] -- Using all available rosidl_typesupport_c: rosidl_typesupport_fastrtps_c;rosidl_typesupport_introspection_c
[0.313s] -- Using all available rosidl_typesupport_cpp: rosidl_typesupport_fastrtps_cpp;rosidl_typesupport_introspection_cpp
[0.337s] -- Found rmw_implementation_cmake: 6.1.2 (/opt/ros/humble/share/rmw_implementation_cmake/cmake)
[0.342s] -- Found rmw_fastrtps_cpp: 6.2.9 (/opt/ros/humble/share/rmw_fastrtps_cpp/cmake)
[0.470s] -- Using RMW implementation 'rmw_fastrtps_cpp' as default
[0.619s] [31mCMake Error at /opt/ros/humble/share/ament_cmake_core/cmake/core/ament_package_xml.cmake:53 (message):
[0.619s]   ament_package_xml() package name 'ros2_hello_world' in '/package.xml' does
[0.619s]   not match current PROJECT_NAME 'hello_world'.  You must call project() with
[0.619s]   the same package name before.
[0.619s] Call Stack (most recent call first):
[0.619s]   /opt/ros/humble/share/ament_cmake_core/cmake/core/ament_package.cmake:63 (ament_package_xml)
[0.620s]   CMakeLists.txt:19 (ament_package)
[0.620s] 
[0.620s] [0m
[0.620s] -- Configuring incomplete, errors occurred!
[0.620s] See also "/home/modini/ros2_ws/build/ros2_hello_world/CMakeFiles/CMakeOutput.log".
[0.635s] Invoked command in '/home/modini/ros2_ws/build/ros2_hello_world' returned '1': CMAKE_PREFIX_PATH=/opt/ros/humble /usr/bin/cmake /home/modini/ros2_ws/src/simple-hello-world-node-ModiniVardhan-29 -DCMAKE_INSTALL_PREFIX=/home/modini/ros2_ws/install/ros2_hello_world
