[0.029s] Invoking command in '/home/modini/ros2_ws/build/gazebo_msgs': /usr/bin/cmake /home/modini/ros2_ws/src/gazebo_ros_pkgs/gazebo_msgs -DCATKIN_INSTALL_INTO_PREFIX_ROOT=0 -DCMAKE_INSTALL_PREFIX=/home/modini/ros2_ws/install/gazebo_msgs
[0.254s] -- The C compiler identification is GNU 11.4.0
[0.587s] -- The CXX compiler identification is GNU 11.4.0
[0.631s] -- Detecting C compiler ABI info
[0.797s] -- Detecting C compiler ABI info - done
[0.812s] -- Check for working C compiler: /usr/bin/cc - skipped
[0.812s] -- Detecting C compile features
[0.813s] -- Detecting C compile features - done
[0.819s] -- Detecting CXX compiler ABI info
[0.978s] -- Detecting CXX compiler ABI info - done
[0.990s] -- Check for working CXX compiler: /usr/bin/c++ - skipped
[0.993s] -- Detecting CXX compile features
[0.993s] -- Detecting CXX compile features - done
[1.006s] -- Configuring incomplete, errors occurred!
[1.006s] See also "/home/modini/ros2_ws/build/gazebo_msgs/CMakeFiles/CMakeOutput.log".
[1.006s] [31mCMake Error at CMakeLists.txt:4 (find_package):
[1.006s]   By not providing "Findcatkin.cmake" in CMAKE_MODULE_PATH this project has
[1.006s]   asked CMake to find a package configuration file provided by "catkin", but
[1.007s]   CMake did not find one.
[1.007s] 
[1.007s]   Could not find a package configuration file provided by "catkin" with any
[1.007s]   of the following names:
[1.007s] 
[1.007s]     catkinConfig.cmake
[1.007s]     catkin-config.cmake
[1.007s] 
[1.007s]   Add the installation prefix of "catkin" to CMAKE_PREFIX_PATH or set
[1.007s]   "catkin_DIR" to a directory containing one of the above files.  If "catkin"
[1.007s]   provides a separate development package or SDK, be sure it has been
[1.007s]   installed.
[1.008s] 
[1.008s] [0m
[1.022s] Invoked command in '/home/modini/ros2_ws/build/gazebo_msgs' returned '1': /usr/bin/cmake /home/modini/ros2_ws/src/gazebo_ros_pkgs/gazebo_msgs -DCATKIN_INSTALL_INTO_PREFIX_ROOT=0 -DCMAKE_INSTALL_PREFIX=/home/modini/ros2_ws/install/gazebo_msgs
