[0.132s] Invoking command in '/home/modini/ros2_ws/build/ros2_publisher': CMAKE_PREFIX_PATH=/home/modini/bumper_ws/install/bumper_bot:/opt/ros/humble /usr/bin/cmake /home/modini/ros2_ws/src/ros2_publisher -DCMAKE_INSTALL_PREFIX=/home/modini/ros2_ws/install/ros2_publisher
[1.192s] -- The C compiler identification is GNU 11.4.0
[1.794s] -- The CXX compiler identification is GNU 11.4.0
[1.877s] -- Detecting C compiler ABI info
[2.225s] -- Detecting C compiler ABI info - done
[2.234s] -- Check for working C compiler: /usr/bin/cc - skipped
[2.247s] -- Detecting C compile features
[2.251s] -- Detecting C compile features - done
[2.264s] -- Detecting CXX compiler ABI info
[2.653s] -- Detecting CXX compiler ABI info - done
[2.681s] -- Check for working CXX compiler: /usr/bin/c++ - skipped
[2.682s] -- Detecting CXX compile features
[2.683s] -- Detecting CXX compile features - done
[2.734s] -- Found ament_cmake: 1.3.12 (/opt/ros/humble/share/ament_cmake/cmake)
[3.235s] -- Found Python3: /usr/bin/python3 (found version "3.10.12") found components: Interpreter 
[3.653s] -- Found rclcpp: 16.0.17 (/opt/ros/humble/share/rclcpp/cmake)
[4.048s] -- Found rosidl_generator_c: 3.1.8 (/opt/ros/humble/share/rosidl_generator_c/cmake)
[4.096s] -- Found rosidl_adapter: 3.1.8 (/opt/ros/humble/share/rosidl_adapter/cmake)
[4.169s] -- Found rosidl_generator_cpp: 3.1.8 (/opt/ros/humble/share/rosidl_generator_cpp/cmake)
[4.291s] -- Using all available rosidl_typesupport_c: rosidl_typesupport_fastrtps_c;rosidl_typesupport_introspection_c
[4.405s] -- Using all available rosidl_typesupport_cpp: rosidl_typesupport_fastrtps_cpp;rosidl_typesupport_introspection_cpp
[4.746s] -- Found rmw_implementation_cmake: 6.1.2 (/opt/ros/humble/share/rmw_implementation_cmake/cmake)
[4.771s] -- Found rmw_fastrtps_cpp: 6.2.9 (/opt/ros/humble/share/rmw_fastrtps_cpp/cmake)
[5.371s] -- Found OpenSSL: /usr/lib/x86_64-linux-gnu/libcrypto.so (found version "3.0.2")  
[5.474s] -- Found FastRTPS: /opt/ros/humble/include  
[5.583s] -- Using RMW implementation 'rmw_fastrtps_cpp' as default
[5.643s] -- Looking for pthread.h
[6.075s] -- Looking for pthread.h - found
[6.077s] -- Performing Test CMAKE_HAVE_LIBC_PTHREAD
[6.352s] -- Performing Test CMAKE_HAVE_LIBC_PTHREAD - Success
[6.354s] -- Found Threads: TRUE  
[6.825s] -- Found ament_lint_auto: 0.12.14 (/opt/ros/humble/share/ament_lint_auto/cmake)
[7.159s] -- Added test 'lint_cmake' to check CMake code style
[7.169s] -- Added test 'xmllint' to check XML markup files
[7.182s] -- Configuring done
[7.192s] [31mCMake Error at CMakeLists.txt:14 (add_executable):
[7.194s]   Cannot find source file:
[7.195s] 
[7.197s]     src/publisher_node.cpp
[7.198s] 
[7.198s]   Tried extensions .c .C .c++ .cc .cpp .cxx .cu .mpp .m .M .mm .ixx .cppm .h
[7.198s]   .hh .h++ .hm .hpp .hxx .in .txx .f .F .for .f77 .f90 .f95 .f03 .hip .ispc
[7.198s] 
[7.198s] [0m
[7.199s] [31mCMake Error at CMakeLists.txt:14 (add_executable):
[7.199s]   No SOURCES given to target: publisher_node
[7.200s] 
[7.200s] [0m
[7.200s] [0mCMake Generate step failed.  Build files cannot be regenerated correctly.[0m
[7.236s] Invoked command in '/home/modini/ros2_ws/build/ros2_publisher' returned '1': CMAKE_PREFIX_PATH=/home/modini/bumper_ws/install/bumper_bot:/opt/ros/humble /usr/bin/cmake /home/modini/ros2_ws/src/ros2_publisher -DCMAKE_INSTALL_PREFIX=/home/modini/ros2_ws/install/ros2_publisher
