[0.056s] Invoking command in '/home/modini/ros2_ws/build/ros2_publisher': CMAKE_PREFIX_PATH=/home/modini/bumper_ws/install/bumper_bot:/opt/ros/humble /usr/bin/cmake /home/modini/ros2_ws/src/ros2_publisher -DCMAKE_INSTALL_PREFIX=/home/modini/ros2_ws/install/ros2_publisher
[0.081s] -- Found ament_cmake: 1.3.12 (/opt/ros/humble/share/ament_cmake/cmake)
[0.404s] -- Found rclcpp: 16.0.17 (/opt/ros/humble/share/rclcpp/cmake)
[0.463s] -- Found rosidl_generator_c: 3.1.8 (/opt/ros/humble/share/rosidl_generator_c/cmake)
[0.471s] -- Found rosidl_adapter: 3.1.8 (/opt/ros/humble/share/rosidl_adapter/cmake)
[0.486s] -- Found rosidl_generator_cpp: 3.1.8 (/opt/ros/humble/share/rosidl_generator_cpp/cmake)
[0.505s] -- Using all available rosidl_typesupport_c: rosidl_typesupport_fastrtps_c;rosidl_typesupport_introspection_c
[0.526s] -- Using all available rosidl_typesupport_cpp: rosidl_typesupport_fastrtps_cpp;rosidl_typesupport_introspection_cpp
[0.600s] -- Found rmw_implementation_cmake: 6.1.2 (/opt/ros/humble/share/rmw_implementation_cmake/cmake)
[0.624s] -- Found rmw_fastrtps_cpp: 6.2.9 (/opt/ros/humble/share/rmw_fastrtps_cpp/cmake)
[0.835s] -- Using RMW implementation 'rmw_fastrtps_cpp' as default
[0.948s] -- Found ament_lint_auto: 0.12.14 (/opt/ros/humble/share/ament_lint_auto/cmake)
[1.123s] -- Added test 'cppcheck' to perform static code analysis on C / C++ code
[1.124s] -- Configured cppcheck include dirs: 
[1.124s] -- Configured cppcheck exclude dirs and/or files: 
[1.127s] -- Added test 'lint_cmake' to check CMake code style
[1.129s] -- Added test 'uncrustify' to check C / C++ code style
[1.129s] -- Configured uncrustify additional arguments: 
[1.130s] -- Added test 'xmllint' to check XML markup files
[1.132s] -- Configuring done
[1.160s] -- Generating done
[1.170s] -- Build files have been written to: /home/modini/ros2_ws/build/ros2_publisher
[1.198s] Invoked command in '/home/modini/ros2_ws/build/ros2_publisher' returned '0': CMAKE_PREFIX_PATH=/home/modini/bumper_ws/install/bumper_bot:/opt/ros/humble /usr/bin/cmake /home/modini/ros2_ws/src/ros2_publisher -DCMAKE_INSTALL_PREFIX=/home/modini/ros2_ws/install/ros2_publisher
[1.201s] Invoking command in '/home/modini/ros2_ws/build/ros2_publisher': CMAKE_PREFIX_PATH=/home/modini/bumper_ws/install/bumper_bot:/opt/ros/humble /usr/bin/cmake --build /home/modini/ros2_ws/build/ros2_publisher -- -j4 -l4
[1.382s] [ 50%] [32mBuilding CXX object CMakeFiles/publisher_node.dir/src/publisher_node.cpp.o[0m
[13.151s] [100%] [32m[1mLinking CXX executable publisher_node[0m
[13.886s] [100%] Built target publisher_node
[13.946s] Invoked command in '/home/modini/ros2_ws/build/ros2_publisher' returned '0': CMAKE_PREFIX_PATH=/home/modini/bumper_ws/install/bumper_bot:/opt/ros/humble /usr/bin/cmake --build /home/modini/ros2_ws/build/ros2_publisher -- -j4 -l4
[13.984s] Invoking command in '/home/modini/ros2_ws/build/ros2_publisher': CMAKE_PREFIX_PATH=/home/modini/bumper_ws/install/bumper_bot:/opt/ros/humble /usr/bin/cmake --install /home/modini/ros2_ws/build/ros2_publisher
[14.009s] -- Install configuration: ""
[14.012s] -- Installing: /home/modini/ros2_ws/install/ros2_publisher/lib/ros2_publisher/publisher_node
[14.018s] -- Set runtime path of "/home/modini/ros2_ws/install/ros2_publisher/lib/ros2_publisher/publisher_node" to ""
[14.019s] -- Installing: /home/modini/ros2_ws/install/ros2_publisher/share/ament_index/resource_index/package_run_dependencies/ros2_publisher
[14.019s] -- Installing: /home/modini/ros2_ws/install/ros2_publisher/share/ament_index/resource_index/parent_prefix_path/ros2_publisher
[14.020s] -- Installing: /home/modini/ros2_ws/install/ros2_publisher/share/ros2_publisher/environment/ament_prefix_path.sh
[14.020s] -- Installing: /home/modini/ros2_ws/install/ros2_publisher/share/ros2_publisher/environment/ament_prefix_path.dsv
[14.021s] -- Installing: /home/modini/ros2_ws/install/ros2_publisher/share/ros2_publisher/environment/path.sh
[14.021s] -- Installing: /home/modini/ros2_ws/install/ros2_publisher/share/ros2_publisher/environment/path.dsv
[14.022s] -- Installing: /home/modini/ros2_ws/install/ros2_publisher/share/ros2_publisher/local_setup.bash
[14.022s] -- Installing: /home/modini/ros2_ws/install/ros2_publisher/share/ros2_publisher/local_setup.sh
[14.022s] -- Installing: /home/modini/ros2_ws/install/ros2_publisher/share/ros2_publisher/local_setup.zsh
[14.022s] -- Installing: /home/modini/ros2_ws/install/ros2_publisher/share/ros2_publisher/local_setup.dsv
[14.022s] -- Installing: /home/modini/ros2_ws/install/ros2_publisher/share/ros2_publisher/package.dsv
[14.022s] -- Installing: /home/modini/ros2_ws/install/ros2_publisher/share/ament_index/resource_index/packages/ros2_publisher
[14.024s] -- Installing: /home/modini/ros2_ws/install/ros2_publisher/share/ros2_publisher/cmake/ros2_publisherConfig.cmake
[14.024s] -- Installing: /home/modini/ros2_ws/install/ros2_publisher/share/ros2_publisher/cmake/ros2_publisherConfig-version.cmake
[14.024s] -- Installing: /home/modini/ros2_ws/install/ros2_publisher/share/ros2_publisher/package.xml
[14.029s] Invoked command in '/home/modini/ros2_ws/build/ros2_publisher' returned '0': CMAKE_PREFIX_PATH=/home/modini/bumper_ws/install/bumper_bot:/opt/ros/humble /usr/bin/cmake --install /home/modini/ros2_ws/build/ros2_publisher
